<?xml version="1.0" encoding="UTF-8"?>
<!-- Generated by org.testng.reporters.JUnitReportReporter -->
<testsuite hostname="DESKTOP-355R97V" failures="0" tests="6" name="TestLayer1.Homepage" time="1.999" errors="0" timestamp="2023-09-27T20:53:32 IST" skipped="3">
  <testcase classname="TestLayer1.Homepage" name="homePageTitle" time="1.503"/>
  <system-out/>
  <testcase classname="TestLayer1.Homepage" name="homePageTitle" time="0.000">
    <skipped/>
  </testcase> <!-- homePageTitle -->
  <system-out/>
  <testcase classname="TestLayer1.Homepage" name="homePagrUrl" time="0.000">
    <skipped/>
  </testcase> <!-- homePagrUrl -->
  <system-out/>
  <testcase classname="TestLayer1.Homepage" name="homePagrUrl" time="0.017"/>
  <system-out/>
  <testcase classname="TestLayer1.Homepage" name="homePagrLogo" time="0.000">
    <skipped/>
  </testcase> <!-- homePagrLogo -->
  <system-out/>
  <testcase classname="TestLayer1.Homepage" name="homePagrLogo" time="0.479"/>
  <system-out/>
</testsuite> <!-- TestLayer1.Homepage -->
