<?xml version="1.0" encoding="UTF-8"?>
<!-- Generated by org.testng.reporters.JUnitReportReporter -->
<testsuite hostname="DESKTOP-355R97V" failures="0" tests="4" name="TestLayer1.PimPage" time="50.913" errors="0" timestamp="2023-09-27T20:53:32 IST" skipped="2">
  <testcase classname="TestLayer1.PimPage" name="pimPageLink" time="0.000">
    <skipped/>
  </testcase> <!-- pimPageLink -->
  <system-out/>
  <testcase classname="TestLayer1.PimPage" name="pimPageLink" time="34.025"/>
  <system-out/>
  <testcase classname="TestLayer1.PimPage" name="addMoreDetails" time="16.888"/>
  <system-out/>
  <testcase classname="TestLayer1.PimPage" name="addMoreDetails" time="0.000">
    <skipped/>
  </testcase> <!-- addMoreDetails -->
  <system-out/>
</testsuite> <!-- TestLayer1.PimPage -->
